2015-03-29 14:00:07,388 DEBUG ? [main] Attempting to openConnection connection with database
2015-03-29 14:00:07,390 DEBUG ? [main] Attempting to load properties file
2015-03-29 14:00:07,391 DEBUG ? [main] Successfully located and loaded config.properties
2015-03-29 14:00:07,589 DEBUG ? [main] Successfully opened connection with Database
2015-03-29 14:00:17,137 DEBUG ? [main] Attempting to closeConnection connection with database
2015-03-29 14:00:17,137 DEBUG ? [main] Successfully closed connection with database
2015-03-29 14:04:01,759 DEBUG ? [main] Attempting to openConnection connection with database
2015-03-29 14:04:01,761 DEBUG ? [main] Attempting to load properties file
2015-03-29 14:04:01,761 DEBUG ? [main] Successfully located and loaded config.properties
2015-03-29 14:04:01,861 DEBUG ? [main] Successfully opened connection with Database
2015-03-29 14:04:01,861 DEBUG ? [main] Attempting to closeConnection connection with database
2015-03-29 14:04:01,861 DEBUG ? [main] Successfully closed connection with database
2015-03-29 14:04:01,861 DEBUG ? [main] Attempting to openConnection connection with database
2015-03-29 14:04:01,861 DEBUG ? [main] Attempting to load properties file
2015-03-29 14:04:01,862 DEBUG ? [main] Successfully located and loaded config.properties
2015-03-29 14:04:01,932 DEBUG ? [main] Successfully opened connection with Database
2015-03-29 14:05:02,907 DEBUG ? [main] Attempting to openConnection connection with database
2015-03-29 14:05:02,909 DEBUG ? [main] Attempting to load properties file
2015-03-29 14:05:02,909 DEBUG ? [main] Successfully located and loaded config.properties
2015-03-29 14:05:03,018 DEBUG ? [main] Successfully opened connection with Database
